{"/Users/tanya/Documents/soundXServer/src/app.js": {"path":"/Users/tanya/Documents/soundXServer/src/app.js","statementMap":{"0":{"start":{"line":1,"column":0},"end":{"line":1,"column":27}},"1":{"start":{"line":2,"column":16},"end":{"line":2,"column":34}},"2":{"start":{"line":3,"column":13},"end":{"line":3,"column":28}},"3":{"start":{"line":4,"column":15},"end":{"line":4,"column":32}},"4":{"start":{"line":5,"column":19},"end":{"line":5,"column":43}},"5":{"start":{"line":6,"column":22},"end":{"line":6,"column":49}},"6":{"start":{"line":8,"column":12},"end":{"line":8,"column":21}},"7":{"start":{"line":10,"column":0},"end":{"line":10,"column":24}},"8":{"start":{"line":11,"column":0},"end":{"line":11,"column":16}},"9":{"start":{"line":12,"column":0},"end":{"line":12,"column":23}},"10":{"start":{"line":14,"column":0},"end":{"line":14,"column":29}},"11":{"start":{"line":15,"column":0},"end":{"line":15,"column":35}},"12":{"start":{"line":17,"column":0},"end":{"line":17,"column":20}}},"fnMap":{},"branchMap":{},"s":{"0":1,"1":1,"2":1,"3":1,"4":1,"5":1,"6":1,"7":1,"8":1,"9":1,"10":1,"11":1,"12":1},"f":{},"b":{},"_coverageSchema":"1a1c01bbd47fc00a2c39e90264f33305004495a9","hash":"2ad410e064cbd3fb6efa2fe3f2cece2134d2004d"}
,"/Users/tanya/Documents/soundXServer/src/db.js": {"path":"/Users/tanya/Documents/soundXServer/src/db.js","statementMap":{"0":{"start":{"line":1,"column":17},"end":{"line":1,"column":36}},"1":{"start":{"line":5,"column":2},"end":{"line":5,"column":24}},"2":{"start":{"line":5,"column":17},"end":{"line":5,"column":24}},"3":{"start":{"line":7,"column":19},"end":{"line":7,"column":40}},"4":{"start":{"line":8,"column":18},"end":{"line":11,"column":3}},"5":{"start":{"line":13,"column":2},"end":{"line":13,"column":37}},"6":{"start":{"line":15,"column":2},"end":{"line":15,"column":34}},"7":{"start":{"line":17,"column":2},"end":{"line":17,"column":70}},"8":{"start":{"line":17,"column":32},"end":{"line":17,"column":69}},"9":{"start":{"line":18,"column":2},"end":{"line":18,"column":68}},"10":{"start":{"line":18,"column":32},"end":{"line":18,"column":67}},"11":{"start":{"line":20,"column":2},"end":{"line":20,"column":19}},"12":{"start":{"line":24,"column":2},"end":{"line":24,"column":25}},"13":{"start":{"line":24,"column":18},"end":{"line":24,"column":25}},"14":{"start":{"line":26,"column":2},"end":{"line":26,"column":24}},"15":{"start":{"line":30,"column":2},"end":{"line":32,"column":3}},"16":{"start":{"line":31,"column":4},"end":{"line":31,"column":53}},"17":{"start":{"line":35,"column":0},"end":{"line":35,"column":49}}},"fnMap":{"0":{"name":"connect","decl":{"start":{"line":4,"column":9},"end":{"line":4,"column":16}},"loc":{"start":{"line":4,"column":19},"end":{"line":21,"column":1}},"line":4},"1":{"name":"(anonymous_1)","decl":{"start":{"line":17,"column":26},"end":{"line":17,"column":27}},"loc":{"start":{"line":17,"column":32},"end":{"line":17,"column":69}},"line":17},"2":{"name":"(anonymous_2)","decl":{"start":{"line":18,"column":25},"end":{"line":18,"column":26}},"loc":{"start":{"line":18,"column":32},"end":{"line":18,"column":67}},"line":18},"3":{"name":"disconnect","decl":{"start":{"line":23,"column":9},"end":{"line":23,"column":19}},"loc":{"start":{"line":23,"column":22},"end":{"line":27,"column":1}},"line":23},"4":{"name":"cleanup","decl":{"start":{"line":29,"column":9},"end":{"line":29,"column":16}},"loc":{"start":{"line":29,"column":19},"end":{"line":33,"column":1}},"line":29}},"branchMap":{"0":{"loc":{"start":{"line":5,"column":2},"end":{"line":5,"column":24}},"type":"if","locations":[{"start":{"line":5,"column":2},"end":{"line":5,"column":24}},{"start":{"line":5,"column":2},"end":{"line":5,"column":24}}],"line":5},"1":{"loc":{"start":{"line":24,"column":2},"end":{"line":24,"column":25}},"type":"if","locations":[{"start":{"line":24,"column":2},"end":{"line":24,"column":25}},{"start":{"line":24,"column":2},"end":{"line":24,"column":25}}],"line":24}},"s":{"0":1,"1":1,"2":0,"3":1,"4":1,"5":1,"6":1,"7":1,"8":1,"9":1,"10":0,"11":1,"12":1,"13":0,"14":1,"15":9,"16":18,"17":1},"f":{"0":1,"1":1,"2":0,"3":1,"4":9},"b":{"0":[0,1],"1":[0,1]},"_coverageSchema":"1a1c01bbd47fc00a2c39e90264f33305004495a9","hash":"261618d6877700ab92d85d855d9c514374d0946b"}
,"/Users/tanya/Documents/soundXServer/src/controllers/product.controller.js": {"path":"/Users/tanya/Documents/soundXServer/src/controllers/product.controller.js","statementMap":{"0":{"start":{"line":1,"column":16},"end":{"line":1,"column":50}},"1":{"start":{"line":2,"column":13},"end":{"line":2,"column":44}},"2":{"start":{"line":4,"column":0},"end":{"line":26,"column":1}},"3":{"start":{"line":6,"column":4},"end":{"line":16,"column":5}},"4":{"start":{"line":7,"column":29},"end":{"line":7,"column":32}},"5":{"start":{"line":8,"column":22},"end":{"line":8,"column":94}},"6":{"start":{"line":9,"column":23},"end":{"line":9,"column":48}},"7":{"start":{"line":11,"column":6},"end":{"line":11,"column":41}},"8":{"start":{"line":12,"column":6},"end":{"line":12,"column":56}},"9":{"start":{"line":13,"column":6},"end":{"line":13,"column":35}},"10":{"start":{"line":15,"column":6},"end":{"line":15,"column":78}},"11":{"start":{"line":19,"column":4},"end":{"line":24,"column":5}},"12":{"start":{"line":20,"column":23},"end":{"line":20,"column":68}},"13":{"start":{"line":21,"column":6},"end":{"line":21,"column":36}},"14":{"start":{"line":23,"column":6},"end":{"line":23,"column":77}}},"fnMap":{"0":{"name":"(anonymous_0)","decl":{"start":{"line":5,"column":2},"end":{"line":5,"column":3}},"loc":{"start":{"line":5,"column":26},"end":{"line":17,"column":3}},"line":5},"1":{"name":"(anonymous_1)","decl":{"start":{"line":18,"column":2},"end":{"line":18,"column":3}},"loc":{"start":{"line":18,"column":26},"end":{"line":25,"column":3}},"line":18}},"branchMap":{},"s":{"0":1,"1":1,"2":1,"3":0,"4":0,"5":0,"6":0,"7":0,"8":0,"9":0,"10":0,"11":0,"12":0,"13":0,"14":0},"f":{"0":0,"1":0},"b":{},"_coverageSchema":"1a1c01bbd47fc00a2c39e90264f33305004495a9","hash":"7206a9bbefa39d99a37d6df4a7e24d086ff950ce"}
,"/Users/tanya/Documents/soundXServer/src/controllers/user.controller.js": {"path":"/Users/tanya/Documents/soundXServer/src/controllers/user.controller.js","statementMap":{"0":{"start":{"line":1,"column":15},"end":{"line":1,"column":32}},"1":{"start":{"line":2,"column":12},"end":{"line":2,"column":35}},"2":{"start":{"line":3,"column":13},"end":{"line":3,"column":44}},"3":{"start":{"line":5,"column":0},"end":{"line":49,"column":1}},"4":{"start":{"line":7,"column":4},"end":{"line":20,"column":5}},"5":{"start":{"line":8,"column":23},"end":{"line":8,"column":26}},"6":{"start":{"line":9,"column":19},"end":{"line":9,"column":42}},"7":{"start":{"line":11,"column":20},"end":{"line":15,"column":7}},"8":{"start":{"line":17,"column":6},"end":{"line":17,"column":37}},"9":{"start":{"line":19,"column":6},"end":{"line":19,"column":37}},"10":{"start":{"line":23,"column":4},"end":{"line":47,"column":5}},"11":{"start":{"line":24,"column":34},"end":{"line":24,"column":42}},"12":{"start":{"line":26,"column":19},"end":{"line":26,"column":48}},"13":{"start":{"line":28,"column":6},"end":{"line":30,"column":7}},"14":{"start":{"line":29,"column":8},"end":{"line":29,"column":52}},"15":{"start":{"line":32,"column":22},"end":{"line":32,"column":67}},"16":{"start":{"line":34,"column":6},"end":{"line":36,"column":7}},"17":{"start":{"line":35,"column":8},"end":{"line":35,"column":51}},"18":{"start":{"line":38,"column":20},"end":{"line":42,"column":7}},"19":{"start":{"line":44,"column":6},"end":{"line":44,"column":37}},"20":{"start":{"line":46,"column":6},"end":{"line":46,"column":54}}},"fnMap":{"0":{"name":"(anonymous_0)","decl":{"start":{"line":6,"column":2},"end":{"line":6,"column":3}},"loc":{"start":{"line":6,"column":25},"end":{"line":21,"column":3}},"line":6},"1":{"name":"(anonymous_1)","decl":{"start":{"line":22,"column":2},"end":{"line":22,"column":3}},"loc":{"start":{"line":22,"column":25},"end":{"line":48,"column":3}},"line":22}},"branchMap":{"0":{"loc":{"start":{"line":28,"column":6},"end":{"line":30,"column":7}},"type":"if","locations":[{"start":{"line":28,"column":6},"end":{"line":30,"column":7}},{"start":{"line":28,"column":6},"end":{"line":30,"column":7}}],"line":28},"1":{"loc":{"start":{"line":34,"column":6},"end":{"line":36,"column":7}},"type":"if","locations":[{"start":{"line":34,"column":6},"end":{"line":36,"column":7}},{"start":{"line":34,"column":6},"end":{"line":36,"column":7}}],"line":34}},"s":{"0":1,"1":1,"2":1,"3":1,"4":6,"5":6,"6":6,"7":1,"8":1,"9":5,"10":3,"11":3,"12":3,"13":3,"14":1,"15":2,"16":2,"17":1,"18":1,"19":1,"20":2},"f":{"0":6,"1":3},"b":{"0":[1,2],"1":[1,1]},"_coverageSchema":"1a1c01bbd47fc00a2c39e90264f33305004495a9","hash":"aed8b0d38a3a4ddadeb7cd9bc47ff2b46ffb4363"}
,"/Users/tanya/Documents/soundXServer/src/models/product.model.js": {"path":"/Users/tanya/Documents/soundXServer/src/models/product.model.js","statementMap":{"0":{"start":{"line":1,"column":24},"end":{"line":1,"column":43}},"1":{"start":{"line":3,"column":22},"end":{"line":48,"column":2}},"2":{"start":{"line":50,"column":16},"end":{"line":50,"column":47}},"3":{"start":{"line":52,"column":0},"end":{"line":52,"column":24}}},"fnMap":{},"branchMap":{},"s":{"0":1,"1":1,"2":1,"3":1},"f":{},"b":{},"_coverageSchema":"1a1c01bbd47fc00a2c39e90264f33305004495a9","hash":"9c60d0db6f1938a20ec4bbe9b0c4e97ae15e2f48"}
,"/Users/tanya/Documents/soundXServer/src/models/user.model.js": {"path":"/Users/tanya/Documents/soundXServer/src/models/user.model.js","statementMap":{"0":{"start":{"line":1,"column":32},"end":{"line":1,"column":51}},"1":{"start":{"line":2,"column":15},"end":{"line":2,"column":32}},"2":{"start":{"line":4,"column":22},"end":{"line":4,"column":71}},"3":{"start":{"line":6,"column":19},"end":{"line":48,"column":2}},"4":{"start":{"line":13,"column":16},"end":{"line":19,"column":17}},"5":{"start":{"line":14,"column":33},"end":{"line":14,"column":67}},"6":{"start":{"line":15,"column":20},"end":{"line":15,"column":32}},"7":{"start":{"line":18,"column":20},"end":{"line":18,"column":32}},"8":{"start":{"line":50,"column":0},"end":{"line":54,"column":2}},"9":{"start":{"line":51,"column":2},"end":{"line":53,"column":3}},"10":{"start":{"line":52,"column":4},"end":{"line":52,"column":55}},"11":{"start":{"line":56,"column":13},"end":{"line":56,"column":38}},"12":{"start":{"line":58,"column":0},"end":{"line":58,"column":21}}},"fnMap":{"0":{"name":"(anonymous_0)","decl":{"start":{"line":12,"column":12},"end":{"line":12,"column":13}},"loc":{"start":{"line":12,"column":34},"end":{"line":20,"column":13}},"line":12},"1":{"name":"(anonymous_1)","decl":{"start":{"line":50,"column":23},"end":{"line":50,"column":24}},"loc":{"start":{"line":50,"column":40},"end":{"line":54,"column":1}},"line":50}},"branchMap":{"0":{"loc":{"start":{"line":51,"column":2},"end":{"line":53,"column":3}},"type":"if","locations":[{"start":{"line":51,"column":2},"end":{"line":53,"column":3}},{"start":{"line":51,"column":2},"end":{"line":53,"column":3}}],"line":51},"1":{"loc":{"start":{"line":51,"column":5},"end":{"line":51,"column":49}},"type":"binary-expr","locations":[{"start":{"line":51,"column":5},"end":{"line":51,"column":18}},{"start":{"line":51,"column":22},"end":{"line":51,"column":49}}],"line":51}},"s":{"0":1,"1":1,"2":1,"3":1,"4":7,"5":7,"6":7,"7":0,"8":1,"9":4,"10":4,"11":1,"12":1},"f":{"0":7,"1":4},"b":{"0":[4,0],"1":[4,4]},"_coverageSchema":"1a1c01bbd47fc00a2c39e90264f33305004495a9","hash":"c3d13b056b0d4b2a78ec0eef3639eaab4f3e5a4c"}
,"/Users/tanya/Documents/soundXServer/src/routes/product.js": {"path":"/Users/tanya/Documents/soundXServer/src/routes/product.js","statementMap":{"0":{"start":{"line":1,"column":15},"end":{"line":1,"column":42}},"1":{"start":{"line":2,"column":29},"end":{"line":2,"column":73}},"2":{"start":{"line":3,"column":21},"end":{"line":3,"column":49}},"3":{"start":{"line":4,"column":17},"end":{"line":4,"column":41}},"4":{"start":{"line":6,"column":0},"end":{"line":6,"column":37}},"5":{"start":{"line":7,"column":0},"end":{"line":7,"column":52}},"6":{"start":{"line":10,"column":0},"end":{"line":10,"column":23}}},"fnMap":{},"branchMap":{},"s":{"0":1,"1":1,"2":1,"3":1,"4":1,"5":1,"6":1},"f":{},"b":{},"_coverageSchema":"1a1c01bbd47fc00a2c39e90264f33305004495a9","hash":"5f01bf407bc246c82eda99473b2359352aad2e19"}
,"/Users/tanya/Documents/soundXServer/src/routes/user.js": {"path":"/Users/tanya/Documents/soundXServer/src/routes/user.js","statementMap":{"0":{"start":{"line":1,"column":15},"end":{"line":1,"column":42}},"1":{"start":{"line":2,"column":27},"end":{"line":2,"column":68}},"2":{"start":{"line":4,"column":0},"end":{"line":4,"column":36}},"3":{"start":{"line":5,"column":0},"end":{"line":5,"column":36}},"4":{"start":{"line":7,"column":0},"end":{"line":7,"column":23}}},"fnMap":{},"branchMap":{},"s":{"0":1,"1":1,"2":1,"3":1,"4":1},"f":{},"b":{},"_coverageSchema":"1a1c01bbd47fc00a2c39e90264f33305004495a9","hash":"c0a8af2c1b336ebf0002a9c8084b44bc87a2d6b2"}
,"/Users/tanya/Documents/soundXServer/src/utils/auth.js": {"path":"/Users/tanya/Documents/soundXServer/src/utils/auth.js","statementMap":{"0":{"start":{"line":1,"column":12},"end":{"line":1,"column":35}},"1":{"start":{"line":3,"column":0},"end":{"line":25,"column":1}},"2":{"start":{"line":4,"column":2},"end":{"line":24,"column":3}},"3":{"start":{"line":5,"column":30},"end":{"line":5,"column":41}},"4":{"start":{"line":7,"column":4},"end":{"line":9,"column":5}},"5":{"start":{"line":8,"column":6},"end":{"line":8,"column":49}},"6":{"start":{"line":11,"column":23},"end":{"line":11,"column":47}},"7":{"start":{"line":13,"column":4},"end":{"line":15,"column":5}},"8":{"start":{"line":14,"column":6},"end":{"line":14,"column":49}},"9":{"start":{"line":17,"column":23},"end":{"line":17,"column":60}},"10":{"start":{"line":19,"column":4},"end":{"line":19,"column":21}},"11":{"start":{"line":21,"column":4},"end":{"line":21,"column":10}},"12":{"start":{"line":23,"column":4},"end":{"line":23,"column":72}}},"fnMap":{"0":{"name":"(anonymous_0)","decl":{"start":{"line":3,"column":15},"end":{"line":3,"column":16}},"loc":{"start":{"line":3,"column":35},"end":{"line":25,"column":1}},"line":3}},"branchMap":{"0":{"loc":{"start":{"line":7,"column":4},"end":{"line":9,"column":5}},"type":"if","locations":[{"start":{"line":7,"column":4},"end":{"line":9,"column":5}},{"start":{"line":7,"column":4},"end":{"line":9,"column":5}}],"line":7},"1":{"loc":{"start":{"line":13,"column":4},"end":{"line":15,"column":5}},"type":"if","locations":[{"start":{"line":13,"column":4},"end":{"line":15,"column":5}},{"start":{"line":13,"column":4},"end":{"line":15,"column":5}}],"line":13}},"s":{"0":1,"1":1,"2":0,"3":0,"4":0,"5":0,"6":0,"7":0,"8":0,"9":0,"10":0,"11":0,"12":0},"f":{"0":0},"b":{"0":[0,0],"1":[0,0]},"_coverageSchema":"1a1c01bbd47fc00a2c39e90264f33305004495a9","hash":"ac4aab32e1ca5a108d795fb68adba5f8f81bb73e"}
,"/Users/tanya/Documents/soundXServer/src/utils/formData.js": {"path":"/Users/tanya/Documents/soundXServer/src/utils/formData.js","statementMap":{"0":{"start":{"line":1,"column":15},"end":{"line":1,"column":32}},"1":{"start":{"line":2,"column":19},"end":{"line":2,"column":43}},"2":{"start":{"line":4,"column":0},"end":{"line":8,"column":2}},"3":{"start":{"line":10,"column":0},"end":{"line":57,"column":1}},"4":{"start":{"line":11,"column":17},"end":{"line":11,"column":53}},"5":{"start":{"line":12,"column":2},"end":{"line":12,"column":15}},"6":{"start":{"line":14,"column":22},"end":{"line":14,"column":27}},"7":{"start":{"line":15,"column":23},"end":{"line":15,"column":24}},"8":{"start":{"line":18,"column":4},"end":{"line":18,"column":28}},"9":{"start":{"line":18,"column":22},"end":{"line":18,"column":28}},"10":{"start":{"line":19,"column":4},"end":{"line":19,"column":33}},"11":{"start":{"line":19,"column":27},"end":{"line":19,"column":33}},"12":{"start":{"line":20,"column":4},"end":{"line":20,"column":10}},"13":{"start":{"line":23,"column":2},"end":{"line":25,"column":4}},"14":{"start":{"line":24,"column":4},"end":{"line":24,"column":25}},"15":{"start":{"line":27,"column":2},"end":{"line":50,"column":4}},"16":{"start":{"line":28,"column":4},"end":{"line":28,"column":24}},"17":{"start":{"line":29,"column":4},"end":{"line":29,"column":20}},"18":{"start":{"line":31,"column":19},"end":{"line":41,"column":6}},"19":{"start":{"line":35,"column":6},"end":{"line":35,"column":53}},"20":{"start":{"line":35,"column":14},"end":{"line":35,"column":53}},"21":{"start":{"line":37,"column":6},"end":{"line":37,"column":25}},"22":{"start":{"line":38,"column":6},"end":{"line":38,"column":27}},"23":{"start":{"line":39,"column":6},"end":{"line":39,"column":22}},"24":{"start":{"line":40,"column":6},"end":{"line":40,"column":12}},"25":{"start":{"line":43,"column":4},"end":{"line":45,"column":6}},"26":{"start":{"line":44,"column":6},"end":{"line":44,"column":26}},"27":{"start":{"line":47,"column":4},"end":{"line":49,"column":6}},"28":{"start":{"line":48,"column":6},"end":{"line":48,"column":18}},"29":{"start":{"line":52,"column":2},"end":{"line":54,"column":4}},"30":{"start":{"line":53,"column":4},"end":{"line":53,"column":10}},"31":{"start":{"line":56,"column":2},"end":{"line":56,"column":18}}},"fnMap":{"0":{"name":"(anonymous_0)","decl":{"start":{"line":10,"column":19},"end":{"line":10,"column":20}},"loc":{"start":{"line":10,"column":39},"end":{"line":57,"column":1}},"line":10},"1":{"name":"done","decl":{"start":{"line":17,"column":11},"end":{"line":17,"column":15}},"loc":{"start":{"line":17,"column":18},"end":{"line":21,"column":3}},"line":17},"2":{"name":"(anonymous_2)","decl":{"start":{"line":23,"column":21},"end":{"line":23,"column":22}},"loc":{"start":{"line":23,"column":37},"end":{"line":25,"column":3}},"line":23},"3":{"name":"(anonymous_3)","decl":{"start":{"line":27,"column":20},"end":{"line":27,"column":21}},"loc":{"start":{"line":27,"column":35},"end":{"line":50,"column":3}},"line":27},"4":{"name":"(anonymous_4)","decl":{"start":{"line":34,"column":4},"end":{"line":34,"column":5}},"loc":{"start":{"line":34,"column":18},"end":{"line":41,"column":5}},"line":34},"5":{"name":"(anonymous_5)","decl":{"start":{"line":43,"column":20},"end":{"line":43,"column":21}},"loc":{"start":{"line":43,"column":30},"end":{"line":45,"column":5}},"line":43},"6":{"name":"(anonymous_6)","decl":{"start":{"line":47,"column":19},"end":{"line":47,"column":20}},"loc":{"start":{"line":47,"column":25},"end":{"line":49,"column":5}},"line":47},"7":{"name":"(anonymous_7)","decl":{"start":{"line":52,"column":22},"end":{"line":52,"column":23}},"loc":{"start":{"line":52,"column":28},"end":{"line":54,"column":3}},"line":52}},"branchMap":{"0":{"loc":{"start":{"line":18,"column":4},"end":{"line":18,"column":28}},"type":"if","locations":[{"start":{"line":18,"column":4},"end":{"line":18,"column":28}},{"start":{"line":18,"column":4},"end":{"line":18,"column":28}}],"line":18},"1":{"loc":{"start":{"line":19,"column":4},"end":{"line":19,"column":33}},"type":"if","locations":[{"start":{"line":19,"column":4},"end":{"line":19,"column":33}},{"start":{"line":19,"column":4},"end":{"line":19,"column":33}}],"line":19},"2":{"loc":{"start":{"line":35,"column":6},"end":{"line":35,"column":53}},"type":"if","locations":[{"start":{"line":35,"column":6},"end":{"line":35,"column":53}},{"start":{"line":35,"column":6},"end":{"line":35,"column":53}}],"line":35}},"s":{"0":1,"1":1,"2":1,"3":1,"4":0,"5":0,"6":0,"7":0,"8":0,"9":0,"10":0,"11":0,"12":0,"13":0,"14":0,"15":0,"16":0,"17":0,"18":0,"19":0,"20":0,"21":0,"22":0,"23":0,"24":0,"25":0,"26":0,"27":0,"28":0,"29":0,"30":0,"31":0},"f":{"0":0,"1":0,"2":0,"3":0,"4":0,"5":0,"6":0,"7":0},"b":{"0":[0,0],"1":[0,0],"2":[0,0]},"_coverageSchema":"1a1c01bbd47fc00a2c39e90264f33305004495a9","hash":"d647f757fd2d8774c9a3cb9c353c7da526f306ab"}
}
